<?xml version="1.0" encoding="UTF-8"?>
<testng-results ignored="0" total="1" passed="1" failed="0" skipped="0">
  <reporter-output>
  </reporter-output>
  <suite started-at="2024-06-24T09:40:32 IST" name="Default suite" finished-at="2024-06-24T09:51:35 IST" duration-ms="663356">
    <groups>
      <group name="smokeTest">
        <method signature="CreateOrganizationTest.createOrgTest()[pri:0, instance:com.comcast.crm.orgtest.CreateOrganizationTest@5a59ca5e]" name="createOrgTest" class="com.comcast.crm.orgtest.CreateOrganizationTest"/>
      </group> <!-- smokeTest -->
    </groups>
    <test started-at="2024-06-24T09:40:32 IST" name="Default test" finished-at="2024-06-24T09:51:35 IST" duration-ms="663356">
      <class name="com.comcast.crm.orgtest.CreateOrganizationTest">
        <test-method is-config="true" signature="configBS()[pri:0, instance:com.comcast.crm.orgtest.CreateOrganizationTest@5a59ca5e]" started-at="2024-06-24T09:38:33 IST" name="configBS" finished-at="2024-06-24T09:40:32 IST" duration-ms="119507" status="PASS">
          <reporter-output>
          </reporter-output>
        </test-method> <!-- configBS -->
        <test-method is-config="true" signature="configBC()[pri:0, instance:com.comcast.crm.orgtest.CreateOrganizationTest@5a59ca5e]" started-at="2024-06-24T09:40:32 IST" name="configBC" finished-at="2024-06-24T09:42:36 IST" duration-ms="123669" status="PASS">
          <reporter-output>
          </reporter-output>
        </test-method> <!-- configBC -->
        <test-method is-config="true" signature="configBM()[pri:0, instance:com.comcast.crm.orgtest.CreateOrganizationTest@5a59ca5e]" started-at="2024-06-24T09:42:36 IST" name="configBM" finished-at="2024-06-24T09:42:49 IST" duration-ms="13066" status="PASS">
          <reporter-output>
          </reporter-output>
        </test-method> <!-- configBM -->
        <test-method signature="createOrgTest()[pri:0, instance:com.comcast.crm.orgtest.CreateOrganizationTest@5a59ca5e]" started-at="2024-06-24T09:42:49 IST" name="createOrgTest" finished-at="2024-06-24T09:50:25 IST" duration-ms="455661" status="PASS">
          <reporter-output>
          </reporter-output>
        </test-method> <!-- createOrgTest -->
        <test-method is-config="true" signature="configAM()[pri:0, instance:com.comcast.crm.orgtest.CreateOrganizationTest@5a59ca5e]" started-at="2024-06-24T09:50:25 IST" name="configAM" finished-at="2024-06-24T09:50:49 IST" duration-ms="24824" status="PASS">
          <reporter-output>
          </reporter-output>
        </test-method> <!-- configAM -->
        <test-method is-config="true" signature="configAC()[pri:0, instance:com.comcast.crm.orgtest.CreateOrganizationTest@5a59ca5e]" started-at="2024-06-24T09:50:49 IST" name="configAC" finished-at="2024-06-24T09:51:35 IST" duration-ms="46067" status="PASS">
          <reporter-output>
          </reporter-output>
        </test-method> <!-- configAC -->
        <test-method is-config="true" signature="configAS()[pri:0, instance:com.comcast.crm.orgtest.CreateOrganizationTest@5a59ca5e]" started-at="2024-06-24T09:51:35 IST" name="configAS" finished-at="2024-06-24T09:51:47 IST" duration-ms="11350" status="PASS">
          <reporter-output>
          </reporter-output>
        </test-method> <!-- configAS -->
      </class> <!-- com.comcast.crm.orgtest.CreateOrganizationTest -->
    </test> <!-- Default test -->
  </suite> <!-- Default suite -->
</testng-results>
