<?xml version="1.0" encoding="UTF-8"?>
<testng-results ignored="0" total="3" passed="3" failed="0" skipped="0">
  <reporter-output>
  </reporter-output>
  <suite started-at="2024-06-29T12:47:34 IST" name="Default suite" finished-at="2024-06-29T12:48:19 IST" duration-ms="44420">
    <groups>
      <group name="regressionTest">
        <method signature="CreateOrganizationTest.createOrgWithIndustry()[pri:0, instance:com.comcast.crm.orgtest.CreateOrganizationTest@dd05255]" name="createOrgWithIndustry" class="com.comcast.crm.orgtest.CreateOrganizationTest"/>
        <method signature="CreateOrganizationTest.createOrgWithPh()[pri:0, instance:com.comcast.crm.orgtest.CreateOrganizationTest@dd05255]" name="createOrgWithPh" class="com.comcast.crm.orgtest.CreateOrganizationTest"/>
      </group> <!-- regressionTest -->
      <group name="smokeTest">
        <method signature="CreateOrganizationTest.createOrgTest()[pri:0, instance:com.comcast.crm.orgtest.CreateOrganizationTest@dd05255]" name="createOrgTest" class="com.comcast.crm.orgtest.CreateOrganizationTest"/>
      </group> <!-- smokeTest -->
    </groups>
    <test started-at="2024-06-29T12:47:34 IST" name="Default test" finished-at="2024-06-29T12:48:19 IST" duration-ms="44420">
      <class name="com.comcast.crm.orgtest.CreateOrganizationTest">
        <test-method is-config="true" signature="configBS()[pri:0, instance:com.comcast.crm.orgtest.CreateOrganizationTest@dd05255]" started-at="2024-06-29T12:47:34 IST" name="configBS" finished-at="2024-06-29T12:47:34 IST" duration-ms="334" status="PASS">
          <reporter-output>
          </reporter-output>
        </test-method> <!-- configBS -->
        <test-method is-config="true" signature="configBC()[pri:0, instance:com.comcast.crm.orgtest.CreateOrganizationTest@dd05255]" started-at="2024-06-29T12:47:34 IST" name="configBC" finished-at="2024-06-29T12:47:36 IST" duration-ms="1950" status="PASS">
          <reporter-output>
          </reporter-output>
        </test-method> <!-- configBC -->
        <test-method is-config="true" signature="configBM()[pri:0, instance:com.comcast.crm.orgtest.CreateOrganizationTest@dd05255]" started-at="2024-06-29T12:47:36 IST" name="configBM" finished-at="2024-06-29T12:47:41 IST" duration-ms="4414" status="PASS">
          <reporter-output>
          </reporter-output>
        </test-method> <!-- configBM -->
        <test-method signature="createOrgTest()[pri:0, instance:com.comcast.crm.orgtest.CreateOrganizationTest@dd05255]" started-at="2024-06-29T12:47:41 IST" name="createOrgTest" finished-at="2024-06-29T12:47:50 IST" duration-ms="8934" status="PASS">
          <reporter-output>
          </reporter-output>
        </test-method> <!-- createOrgTest -->
        <test-method is-config="true" signature="configAM()[pri:0, instance:com.comcast.crm.orgtest.CreateOrganizationTest@dd05255]" started-at="2024-06-29T12:47:50 IST" name="configAM" finished-at="2024-06-29T12:47:51 IST" duration-ms="1427" status="PASS">
          <reporter-output>
          </reporter-output>
        </test-method> <!-- configAM -->
        <test-method is-config="true" signature="configBM()[pri:0, instance:com.comcast.crm.orgtest.CreateOrganizationTest@dd05255]" started-at="2024-06-29T12:47:51 IST" name="configBM" finished-at="2024-06-29T12:47:53 IST" duration-ms="2314" status="PASS">
          <reporter-output>
          </reporter-output>
        </test-method> <!-- configBM -->
        <test-method signature="createOrgWithIndustry()[pri:0, instance:com.comcast.crm.orgtest.CreateOrganizationTest@dd05255]" started-at="2024-06-29T12:47:53 IST" name="createOrgWithIndustry" finished-at="2024-06-29T12:48:02 IST" duration-ms="8899" status="PASS">
          <reporter-output>
          </reporter-output>
        </test-method> <!-- createOrgWithIndustry -->
        <test-method is-config="true" signature="configAM()[pri:0, instance:com.comcast.crm.orgtest.CreateOrganizationTest@dd05255]" started-at="2024-06-29T12:48:02 IST" name="configAM" finished-at="2024-06-29T12:48:04 IST" duration-ms="1344" status="PASS">
          <reporter-output>
          </reporter-output>
        </test-method> <!-- configAM -->
        <test-method is-config="true" signature="configBM()[pri:0, instance:com.comcast.crm.orgtest.CreateOrganizationTest@dd05255]" started-at="2024-06-29T12:48:04 IST" name="configBM" finished-at="2024-06-29T12:48:06 IST" duration-ms="2747" status="PASS">
          <reporter-output>
          </reporter-output>
        </test-method> <!-- configBM -->
        <test-method signature="createOrgWithPh()[pri:0, instance:com.comcast.crm.orgtest.CreateOrganizationTest@dd05255]" started-at="2024-06-29T12:48:06 IST" name="createOrgWithPh" finished-at="2024-06-29T12:48:17 IST" duration-ms="10326" status="PASS">
          <reporter-output>
          </reporter-output>
        </test-method> <!-- createOrgWithPh -->
        <test-method is-config="true" signature="configAM()[pri:0, instance:com.comcast.crm.orgtest.CreateOrganizationTest@dd05255]" started-at="2024-06-29T12:48:17 IST" name="configAM" finished-at="2024-06-29T12:48:18 IST" duration-ms="1723" status="PASS">
          <reporter-output>
          </reporter-output>
        </test-method> <!-- configAM -->
        <test-method is-config="true" signature="configAC()[pri:0, instance:com.comcast.crm.orgtest.CreateOrganizationTest@dd05255]" started-at="2024-06-29T12:48:18 IST" name="configAC" finished-at="2024-06-29T12:48:19 IST" duration-ms="278" status="PASS">
          <reporter-output>
          </reporter-output>
        </test-method> <!-- configAC -->
        <test-method is-config="true" signature="configAS()[pri:0, instance:com.comcast.crm.orgtest.CreateOrganizationTest@dd05255]" started-at="2024-06-29T12:48:19 IST" name="configAS" finished-at="2024-06-29T12:48:19 IST" duration-ms="10" status="PASS">
          <reporter-output>
          </reporter-output>
        </test-method> <!-- configAS -->
      </class> <!-- com.comcast.crm.orgtest.CreateOrganizationTest -->
    </test> <!-- Default test -->
  </suite> <!-- Default suite -->
</testng-results>
